<?xml version="1.0" encoding="UTF-8"?>
<!-- Generated by org.testng.reporters.JUnitReportReporter -->
<testsuite hostname="LAPTOP-OVD06K6F" failures="0" tests="2" name="KTCTC.RR" time="0.001" errors="0" timestamp="2023-01-29T21:09:49 IST" skipped="0">
  <testcase classname="KTCTC.RR" name="sampleMethod2" time="0.000"/>
  <system-out/>
  <testcase classname="KTCTC.RR" name="sampleMethod1" time="0.001"/>
  <system-out/>
</testsuite> <!-- KTCTC.RR -->
