<?xml version="1.0" encoding="UTF-8"?>
<!-- Generated by org.testng.reporters.JUnitReportReporter -->
<testsuite hostname="LAPTOP-OVD06K6F" failures="0" tests="2" name="selnium.MyFirstMavenProject.AssertsInTestNG.CCTest" time="0.001" errors="0" timestamp="2023-01-29T21:09:49 IST" skipped="0">
  <testcase classname="selnium.MyFirstMavenProject.AssertsInTestNG.CCTest" name="sampleMethod2" time="0.001"/>
  <system-out/>
  <testcase classname="selnium.MyFirstMavenProject.AssertsInTestNG.CCTest" name="sampleMethod" time="0.000"/>
  <system-out/>
</testsuite> <!-- selnium.MyFirstMavenProject.AssertsInTestNG.CCTest -->
